2026-04-28 17:12:21,763 | INFO | kolesa_parser | selected command collect-brands
2026-04-28 17:12:21,764 | INFO | kolesa_parser | mode: balanced
2026-04-28 17:12:21,765 | INFO | kolesa_parser | engine: playwright
2026-04-28 17:12:21,766 | INFO | kolesa_parser | current DB count: 11048
2026-04-28 17:12:21,766 | INFO | kolesa_parser | brand target count: 1
2026-04-28 17:12:21,767 | INFO | kolesa_parser | all brand target total: 13500
2026-04-28 17:12:21,767 | INFO | kolesa_parser | target total limit: 3500
2026-04-28 17:12:21,768 | INFO | kolesa_parser | selected brand: Toyota
2026-04-28 17:12:21,768 | INFO | kolesa_parser | ignore_state: False
2026-04-28 17:12:21,768 | INFO | kolesa_parser | concurrency: 1
2026-04-28 17:12:21,768 | INFO | kolesa_parser | detail delay seconds: 3.0-7.0
2026-04-28 17:12:21,769 | INFO | kolesa_parser | search delay seconds: 8.0-18.0
2026-04-28 17:12:21,769 | INFO | kolesa_parser | stop_on_block: True
2026-04-28 17:12:21,769 | INFO | kolesa_parser | max runtime hours: None
2026-04-28 17:12:21,769 | INFO | kolesa_parser | checkpoint export every: 10
2026-04-28 17:12:21,948 | INFO | kolesa_playwright_parser | mode: balanced
2026-04-28 17:12:21,949 | INFO | kolesa_playwright_parser | engine: playwright
2026-04-28 17:12:21,949 | INFO | kolesa_playwright_parser | selected command: collect-brands
2026-04-28 17:12:21,949 | INFO | kolesa_playwright_parser | detail delay seconds: 3.0-7.0
2026-04-28 17:12:21,949 | INFO | kolesa_playwright_parser | search delay seconds: 8.0-18.0
2026-04-28 17:12:21,950 | INFO | kolesa_playwright_parser | current DB count: 11048
2026-04-28 17:12:21,950 | INFO | kolesa_playwright_parser | target total limit: 3500
2026-04-28 17:12:21,950 | INFO | kolesa_playwright_parser | max runtime hours: None
2026-04-28 17:12:21,950 | INFO | kolesa_playwright_parser | current DB count: 11048
2026-04-28 17:12:25,010 | INFO | kolesa_playwright_parser | current brand progress: Toyota 2074/3500 remaining=1426
2026-04-28 17:12:25,011 | INFO | kolesa_playwright_parser | current brand URL: https://kolesa.kz/cars/toyota/
Toyota:   0%|          | 0/1426 [00:00<?, ?car/s]2026-04-28 17:12:25,338 | INFO | kolesa_playwright_parser | current brand Toyota; current brand page number 59; current brand URL: https://kolesa.kz/cars/toyota/?page=59
2026-04-28 17:12:25,339 | INFO | kolesa_playwright_parser | current brand progress: Toyota 2074/3500 remaining=1426
2026-04-28 17:12:25,339 | INFO | kolesa_playwright_parser | pause duration 0.0s before search request: https://kolesa.kz/cars/toyota/?page=59 (first search request)
2026-04-28 17:12:26,585 | INFO | kolesa_playwright_parser | HTTP status code 200 for https://kolesa.kz/cars/toyota/?page=59
2026-04-28 17:12:29,237 | INFO | kolesa_playwright_parser | skipped duplicate before detail request https://kolesa.kz/a/show/217258382
2026-04-28 17:12:29,238 | INFO | kolesa_playwright_parser | skipped duplicate before detail request https://kolesa.kz/a/show/218296949
2026-04-28 17:12:29,239 | INFO | kolesa_playwright_parser | skipped duplicate before detail request https://kolesa.kz/a/show/218275144
2026-04-28 17:12:29,240 | INFO | kolesa_playwright_parser | skipped duplicate before detail request https://kolesa.kz/a/show/217043082
2026-04-28 17:12:29,241 | INFO | kolesa_playwright_parser | skipped duplicate before detail request https://kolesa.kz/a/show/217301631
2026-04-28 17:12:29,242 | INFO | kolesa_playwright_parser | skipped duplicate before detail request https://kolesa.kz/a/show/218181797
2026-04-28 17:12:29,244 | INFO | kolesa_playwright_parser | skipped duplicate before detail request https://kolesa.kz/a/show/215119059
2026-04-28 17:12:29,244 | INFO | kolesa_playwright_parser | skipped duplicate before detail request https://kolesa.kz/a/show/218177431
2026-04-28 17:12:29,245 | INFO | kolesa_playwright_parser | skipped duplicate before detail request https://kolesa.kz/a/show/218159288
2026-04-28 17:12:29,246 | INFO | kolesa_playwright_parser | skipped duplicate before detail request https://kolesa.kz/a/show/218150582
2026-04-28 17:12:29,248 | INFO | kolesa_playwright_parser | skipped duplicate before detail request https://kolesa.kz/a/show/218102863
2026-04-28 17:12:29,249 | INFO | kolesa_playwright_parser | skipped duplicate before detail request https://kolesa.kz/a/show/208932396
2026-04-28 17:12:29,250 | INFO | kolesa_playwright_parser | skipped duplicate before detail request https://kolesa.kz/a/show/216390590
2026-04-28 17:12:29,251 | INFO | kolesa_playwright_parser | skipped duplicate before detail request https://kolesa.kz/a/show/212109727
2026-04-28 17:12:29,252 | INFO | kolesa_playwright_parser | skipped duplicate before detail request https://kolesa.kz/a/show/217334833
2026-04-28 17:12:29,253 | INFO | kolesa_playwright_parser | skipped duplicate before detail request https://kolesa.kz/a/show/167258594
2026-04-28 17:12:29,254 | INFO | kolesa_playwright_parser | skipped duplicate before detail request https://kolesa.kz/a/show/218056776
2026-04-28 17:12:29,255 | INFO | kolesa_playwright_parser | skipped duplicate before detail request https://kolesa.kz/a/show/218058920
2026-04-28 17:12:29,255 | INFO | kolesa_playwright_parser | skipped duplicate before detail request https://kolesa.kz/a/show/217221756
2026-04-28 17:12:29,256 | INFO | kolesa_playwright_parser | skipped duplicate before detail request https://kolesa.kz/a/show/197704679
2026-04-28 17:12:29,258 | INFO | kolesa_playwright_parser | skipped wrong brand from card before detail request https://kolesa.kz/a/show/215289168; brand_guess=Daewoo target=Toyota title=Daewoo Nexia çŕ 1 500 000 \u20b8 Ŕëěŕňű, 2012 ă., Á/ó ńĺäŕí, 1.6 ë, áĺíçčí…
2026-04-28 17:12:29,259 | INFO | kolesa_playwright_parser | skipped duplicate before detail request https://kolesa.kz/a/show/197393343
2026-04-28 17:12:29,260 | INFO | kolesa_playwright_parser | skipped duplicate before detail request https://kolesa.kz/a/show/218176301
2026-04-28 17:12:29,260 | INFO | kolesa_playwright_parser | skipped duplicate before detail request https://kolesa.kz/a/show/218176498
2026-04-28 17:12:29,261 | INFO | kolesa_playwright_parser | skipped duplicate before detail request https://kolesa.kz/a/show/217516483
2026-04-28 17:12:29,262 | INFO | kolesa_playwright_parser | skipped duplicate before detail request https://kolesa.kz/a/show/218176324
2026-04-28 17:12:29,264 | INFO | kolesa_playwright_parser | skipped wrong brand from card before detail request https://kolesa.kz/a/show/217194758; brand_guess=Deepal target=Toyota title=Deepal S07 çŕ 13 400 000 \u20b8 Řűěęĺíň, 2025 ă., Á/ó ęđîńńîâĺđ, 1.5 ë, ăčáđčä…
2026-04-28 17:12:29,266 | INFO | kolesa_playwright_parser | skipped wrong brand from card before detail request https://kolesa.kz/a/show/215675276; brand_guess=Nissan target=Toyota title=Nissan Note çŕ 3 000 000 \u20b8 Ęŕńęĺëĺí, 2007 ă., Á/ó őýň÷áĺę, 1.6 ë, áĺíçčí…
2026-04-28 17:12:29,267 | INFO | kolesa_playwright_parser | skipped wrong brand from card before detail request https://kolesa.kz/a/show/214699675; brand_guess=Nissan target=Toyota title=Nissan Patrol çŕ 4 000 000 \u20b8 Ŕëěŕňű, 1995 ă., Á/ó âíĺäîđîćíčę, 2.8 ë, äčçĺëü…
2026-04-28 17:12:29,268 | INFO | kolesa_playwright_parser | skipped duplicate before detail request https://kolesa.kz/a/show/213264426
2026-04-28 17:12:29,269 | INFO | kolesa_playwright_parser | brand page summary: brand=Toyota page=59 total_links_found=33 unique_main_card_links=30 duplicates_on_page=26 wrong_brand_on_page=4 detail_pages_opened=0 saved_on_page=0 wrong_brand_after_detail=0
2026-04-28 17:12:29,431 | INFO | kolesa_playwright_parser | current brand Toyota; current brand page number 60; current brand URL: https://kolesa.kz/cars/toyota/?page=60
2026-04-28 17:12:29,432 | INFO | kolesa_playwright_parser | current brand progress: Toyota 2074/3500 remaining=1426
2026-04-28 17:12:29,433 | INFO | kolesa_playwright_parser | fast skip page delay duration 2.9s before search request
2026-04-28 17:12:32,994 | INFO | kolesa_playwright_parser | HTTP status code 200 for https://kolesa.kz/cars/toyota/?page=60
2026-04-28 17:12:33,970 | INFO | kolesa_playwright_parser | skipped duplicate before detail request https://kolesa.kz/a/show/197704679
2026-04-28 17:12:33,971 | INFO | kolesa_playwright_parser | skipped duplicate before detail request https://kolesa.kz/a/show/184922135
2026-04-28 17:12:33,972 | INFO | kolesa_playwright_parser | skipped duplicate before detail request https://kolesa.kz/a/show/217173414
2026-04-28 17:12:33,972 | INFO | kolesa_playwright_parser | skipped duplicate before detail request https://kolesa.kz/a/show/215553128
2026-04-28 17:12:33,972 | INFO | kolesa_playwright_parser | skipped duplicate before detail request https://kolesa.kz/a/show/217624716
2026-04-28 17:12:33,973 | INFO | kolesa_playwright_parser | skipped duplicate before detail request https://kolesa.kz/a/show/218395905
2026-04-28 17:12:33,973 | INFO | kolesa_playwright_parser | skipped duplicate before detail request https://kolesa.kz/a/show/217114186
2026-04-28 17:12:33,973 | INFO | kolesa_playwright_parser | skipped duplicate before detail request https://kolesa.kz/a/show/209058616
2026-04-28 17:12:33,974 | INFO | kolesa_playwright_parser | skipped duplicate before detail request https://kolesa.kz/a/show/217107522
2026-04-28 17:12:33,974 | INFO | kolesa_playwright_parser | skipped duplicate before detail request https://kolesa.kz/a/show/218402180
2026-04-28 17:12:33,974 | INFO | kolesa_playwright_parser | skipped duplicate before detail request https://kolesa.kz/a/show/217969028
2026-04-28 17:12:33,974 | INFO | kolesa_playwright_parser | skipped duplicate before detail request https://kolesa.kz/a/show/218471569
2026-04-28 17:12:33,975 | INFO | kolesa_playwright_parser | skipped duplicate before detail request https://kolesa.kz/a/show/218456296
2026-04-28 17:12:33,975 | INFO | kolesa_playwright_parser | skipped duplicate before detail request https://kolesa.kz/a/show/217094387
2026-04-28 17:12:33,975 | INFO | kolesa_playwright_parser | skipped duplicate before detail request https://kolesa.kz/a/show/217953022
2026-04-28 17:12:33,976 | INFO | kolesa_playwright_parser | skipped duplicate before detail request https://kolesa.kz/a/show/208012999
2026-04-28 17:12:33,976 | INFO | kolesa_playwright_parser | skipped duplicate before detail request https://kolesa.kz/a/show/210122032
2026-04-28 17:12:33,977 | INFO | kolesa_playwright_parser | skipped duplicate before detail request https://kolesa.kz/a/show/215993301
2026-04-28 17:12:33,977 | INFO | kolesa_playwright_parser | skipped duplicate before detail request https://kolesa.kz/a/show/218434393
2026-04-28 17:12:33,977 | INFO | kolesa_playwright_parser | skipped duplicate before detail request https://kolesa.kz/a/show/188030208
2026-04-28 17:12:33,978 | INFO | kolesa_playwright_parser | skipped wrong brand from card before detail request https://kolesa.kz/a/show/215289168; brand_guess=Daewoo target=Toyota title=Daewoo Nexia çŕ 1 500 000 \u20b8 Ŕëěŕňű, 2012 ă., Á/ó ńĺäŕí, 1.6 ë, áĺíçčí…
2026-04-28 17:12:33,978 | INFO | kolesa_playwright_parser | skipped duplicate before detail request https://kolesa.kz/a/show/197393343
2026-04-28 17:12:33,978 | INFO | kolesa_playwright_parser | skipped duplicate before detail request https://kolesa.kz/a/show/218176301
2026-04-28 17:12:33,978 | INFO | kolesa_playwright_parser | skipped duplicate before detail request https://kolesa.kz/a/show/218176498
2026-04-28 17:12:33,979 | INFO | kolesa_playwright_parser | skipped duplicate before detail request https://kolesa.kz/a/show/217516483
2026-04-28 17:12:33,979 | INFO | kolesa_playwright_parser | skipped duplicate before detail request https://kolesa.kz/a/show/218176324
2026-04-28 17:12:33,979 | INFO | kolesa_playwright_parser | skipped wrong brand from card before detail request https://kolesa.kz/a/show/217194758; brand_guess=Deepal target=Toyota title=Deepal S07 çŕ 13 400 000 \u20b8 Řűěęĺíň, 2025 ă., Á/ó ęđîńńîâĺđ, 1.5 ë, ăčáđčä…
2026-04-28 17:12:33,979 | INFO | kolesa_playwright_parser | skipped wrong brand from card before detail request https://kolesa.kz/a/show/215675276; brand_guess=Nissan target=Toyota title=Nissan Note çŕ 3 000 000 \u20b8 Ęŕńęĺëĺí, 2007 ă., Á/ó őýň÷áĺę, 1.6 ë, áĺíçčí…
2026-04-28 17:12:33,980 | INFO | kolesa_playwright_parser | skipped wrong brand from card before detail request https://kolesa.kz/a/show/214699675; brand_guess=Nissan target=Toyota title=Nissan Patrol çŕ 4 000 000 \u20b8 Ŕëěŕňű, 1995 ă., Á/ó âíĺäîđîćíčę, 2.8 ë, äčçĺëü…
2026-04-28 17:12:33,980 | INFO | kolesa_playwright_parser | skipped duplicate before detail request https://kolesa.kz/a/show/213264426
2026-04-28 17:12:33,980 | INFO | kolesa_playwright_parser | brand page summary: brand=Toyota page=60 total_links_found=33 unique_main_card_links=30 duplicates_on_page=26 wrong_brand_on_page=4 detail_pages_opened=0 saved_on_page=0 wrong_brand_after_detail=0
2026-04-28 17:12:34,095 | INFO | kolesa_playwright_parser | current brand Toyota; current brand page number 61; current brand URL: https://kolesa.kz/cars/toyota/?page=61
2026-04-28 17:12:34,096 | INFO | kolesa_playwright_parser | current brand progress: Toyota 2074/3500 remaining=1426
2026-04-28 17:12:34,096 | INFO | kolesa_playwright_parser | fast skip page delay duration 2.9s before search request
2026-04-28 17:12:38,135 | INFO | kolesa_playwright_parser | HTTP status code 200 for https://kolesa.kz/cars/toyota/?page=61
2026-04-28 17:12:38,994 | INFO | kolesa_playwright_parser | skipped duplicate before detail request https://kolesa.kz/a/show/188030208
2026-04-28 17:12:38,995 | INFO | kolesa_playwright_parser | skipped duplicate before detail request https://kolesa.kz/a/show/218434563
2026-04-28 17:12:38,996 | INFO | kolesa_playwright_parser | skipped duplicate before detail request https://kolesa.kz/a/show/215788406
2026-04-28 17:12:38,997 | INFO | kolesa_playwright_parser | skipped duplicate before detail request https://kolesa.kz/a/show/217842384
2026-04-28 17:12:38,998 | INFO | kolesa_playwright_parser | skipped duplicate before detail request https://kolesa.kz/a/show/204889778
2026-04-28 17:12:39,000 | INFO | kolesa_playwright_parser | skipped duplicate before detail request https://kolesa.kz/a/show/218418715
2026-04-28 17:12:39,000 | INFO | kolesa_playwright_parser | skipped duplicate before detail request https://kolesa.kz/a/show/216361522
2026-04-28 17:12:39,001 | INFO | kolesa_playwright_parser | skipped duplicate before detail request https://kolesa.kz/a/show/217780499
2026-04-28 17:12:39,002 | INFO | kolesa_playwright_parser | skipped duplicate before detail request https://kolesa.kz/a/show/204880500
2026-04-28 17:12:39,002 | INFO | kolesa_playwright_parser | skipped duplicate before detail request https://kolesa.kz/a/show/216917661
2026-04-28 17:12:39,003 | INFO | kolesa_playwright_parser | skipped duplicate before detail request https://kolesa.kz/a/show/213452071
2026-04-28 17:12:39,003 | INFO | kolesa_playwright_parser | skipped duplicate before detail request https://kolesa.kz/a/show/218383894
2026-04-28 17:12:39,004 | INFO | kolesa_playwright_parser | skipped duplicate before detail request https://kolesa.kz/a/show/213555267
2026-04-28 17:12:39,005 | INFO | kolesa_playwright_parser | skipped duplicate before detail request https://kolesa.kz/a/show/211561990
2026-04-28 17:12:39,006 | INFO | kolesa_playwright_parser | skipped duplicate before detail request https://kolesa.kz/a/show/218351526
2026-04-28 17:12:39,007 | INFO | kolesa_playwright_parser | skipped duplicate before detail request https://kolesa.kz/a/show/218327971
2026-04-28 17:12:39,008 | INFO | kolesa_playwright_parser | skipped duplicate before detail request https://kolesa.kz/a/show/215760170
2026-04-28 17:12:39,009 | INFO | kolesa_playwright_parser | skipped duplicate before detail request https://kolesa.kz/a/show/218323925
2026-04-28 17:12:39,009 | INFO | kolesa_playwright_parser | skipped duplicate before detail request https://kolesa.kz/a/show/218439298
2026-04-28 17:12:39,010 | INFO | kolesa_playwright_parser | skipped duplicate before detail request https://kolesa.kz/a/show/217515094
2026-04-28 17:12:39,010 | INFO | kolesa_playwright_parser | skipped duplicate before detail request https://kolesa.kz/a/show/188170211
2026-04-28 17:12:39,160 | INFO | kolesa_playwright_parser | detail delay duration 6.6s before detail request
2026-04-28 17:12:45,793 | INFO | kolesa_playwright_parser | current brand Toyota; current listing URL https://kolesa.kz/a/show/208218502
2026-04-28 17:12:46,256 | INFO | kolesa_playwright_parser | HTTP status code 200 for https://kolesa.kz/a/show/208218502
2026-04-28 17:12:46,399 | INFO | kolesa_playwright_parser | skipped because wrong brand: https://kolesa.kz/a/show/208218502; wrong brand parsed=Zeekr target=Toyota
2026-04-28 17:12:46,400 | INFO | kolesa_playwright_parser | skipped wrong brand from card before detail request https://kolesa.kz/a/show/217431555; brand_guess=Hyundai target=Toyota title=Hyundai Santa Fe çŕ 15 999 000 \u20b8 Ŕńňŕíŕ, 2022 ă., Á/ó ęđîńńîâĺđ, 2.5 ë, áĺíçčí…
2026-04-28 17:12:46,401 | INFO | kolesa_playwright_parser | skipped duplicate before detail request https://kolesa.kz/a/show/217612882
2026-04-28 17:12:46,541 | INFO | kolesa_playwright_parser | detail delay duration 4.0s before detail request
2026-04-28 17:12:50,596 | INFO | kolesa_playwright_parser | current brand Toyota; current listing URL https://kolesa.kz/a/show/217699134
2026-04-28 17:12:50,859 | INFO | kolesa_playwright_parser | HTTP status code 200 for https://kolesa.kz/a/show/217699134
2026-04-28 17:12:51,078 | INFO | car_database | committed listing to SQLite: 217699134
2026-04-28 17:12:51,087 | INFO | kolesa_playwright_parser | saved listing https://kolesa.kz/a/show/217699134 for brand Toyota; current brand progress: 2075/3500; current DB count: 11049
Toyota:   0%|          | 1/1426 [00:25<10:15:12, 25.90s/car]2026-04-28 17:12:51,088 | INFO | kolesa_playwright_parser | saved count this run: 1
2026-04-28 17:12:51,242 | INFO | kolesa_playwright_parser | detail delay duration 6.7s before detail request
2026-04-28 17:12:57,984 | INFO | kolesa_playwright_parser | current brand Toyota; current listing URL https://kolesa.kz/a/show/218400947
2026-04-28 17:12:58,397 | INFO | kolesa_playwright_parser | HTTP status code 200 for https://kolesa.kz/a/show/218400947
2026-04-28 17:12:58,650 | INFO | car_database | committed listing to SQLite: 218400947
2026-04-28 17:12:58,651 | INFO | kolesa_playwright_parser | saved listing https://kolesa.kz/a/show/218400947 for brand Toyota; current brand progress: 2076/3500; current DB count: 11050
Toyota:   0%|          | 2/1426 [00:33<5:58:44, 15.12s/car] 2026-04-28 17:12:58,652 | INFO | kolesa_playwright_parser | saved count this run: 2
2026-04-28 17:12:58,815 | INFO | kolesa_playwright_parser | detail delay duration 6.7s before detail request
2026-04-28 17:13:05,545 | INFO | kolesa_playwright_parser | current brand Toyota; current listing URL https://kolesa.kz/a/show/215358009
2026-04-28 17:13:06,106 | INFO | kolesa_playwright_parser | HTTP status code 200 for https://kolesa.kz/a/show/215358009
2026-04-28 17:13:06,407 | INFO | car_database | committed listing to SQLite: 215358009
2026-04-28 17:13:06,408 | INFO | kolesa_playwright_parser | saved listing https://kolesa.kz/a/show/215358009 for brand Toyota; current brand progress: 2077/3500; current DB count: 11051
Toyota:   0%|          | 3/1426 [00:41<4:38:48, 11.76s/car]2026-04-28 17:13:06,409 | INFO | kolesa_playwright_parser | saved count this run: 3
2026-04-28 17:13:06,410 | INFO | kolesa_playwright_parser | skipped wrong brand from card before detail request https://kolesa.kz/a/show/218396653; brand_guess=Changan target=Toyota title=Changan CS75 Plus çŕ 10 300 000 \u20b8 Ŕëěŕňű, 2025 ă., íîâűé ęđîńńîâĺđ, 1.5 ë, áĺíçčí…
2026-04-28 17:13:06,411 | INFO | kolesa_playwright_parser | skipped wrong brand from card before detail request https://kolesa.kz/a/show/218154783; brand_guess=Hyundai target=Toyota title=Hyundai Elantra çŕ 8 150 000 \u20b8 Ęŕđŕăŕíäŕ, 2023 ă., Á/ó ńĺäŕí, 1.6 ë, áĺíçčí…
2026-04-28 17:13:06,412 | INFO | kolesa_playwright_parser | skipped wrong brand from card before detail request https://kolesa.kz/a/show/217979665; brand_guess=Daewoo target=Toyota title=Daewoo Nexia çŕ 1 730 000 \u20b8 Ęűçűëîđäŕ, 2013 ă., Á/ó ńĺäŕí, 1.5 ë, áĺíçčí…
2026-04-28 17:13:06,412 | INFO | kolesa_playwright_parser | brand page summary: brand=Toyota page=61 total_links_found=33 unique_main_card_links=30 duplicates_on_page=22 wrong_brand_on_page=4 detail_pages_opened=4 saved_on_page=3 wrong_brand_after_detail=1
2026-04-28 17:13:06,587 | INFO | kolesa_playwright_parser | current brand Toyota; current brand page number 62; current brand URL: https://kolesa.kz/cars/toyota/?page=62
2026-04-28 17:13:06,588 | INFO | kolesa_playwright_parser | current brand progress: Toyota 2077/3500 remaining=1423
2026-04-28 17:13:06,588 | INFO | kolesa_playwright_parser | normal search page delay duration 15.6s before search request
2026-04-28 17:13:22,773 | INFO | kolesa_playwright_parser | HTTP status code 200 for https://kolesa.kz/cars/toyota/?page=62
2026-04-28 17:13:24,072 | INFO | kolesa_playwright_parser | detail delay duration 3.5s before detail request
2026-04-28 17:13:27,572 | INFO | kolesa_playwright_parser | current brand Toyota; current listing URL https://kolesa.kz/a/show/218426931
2026-04-28 17:13:28,092 | INFO | kolesa_playwright_parser | HTTP status code 200 for https://kolesa.kz/a/show/218426931
2026-04-28 17:13:28,285 | INFO | kolesa_playwright_parser | visible challenge phrase found, but normal detail listing markers are visible; continuing; url=https://kolesa.kz/a/show/218426931 title='Ďđîäŕćŕ Toyota Rush 2022 ăîäŕ â Ŕňűđŕó - ą218426931: öĺíŕ 9890000\u20b8. Ęóďčňü Toyota Rush — Ęîë¸ńŕ' phrase=ęŕď÷ŕ
2026-04-28 17:13:28,485 | INFO | car_database | committed listing to SQLite: 218426931
2026-04-28 17:13:28,486 | INFO | kolesa_playwright_parser | saved listing https://kolesa.kz/a/show/218426931 for brand Toyota; current brand progress: 2078/3500; current DB count: 11052
Toyota:   0%|          | 4/1426 [01:03<6:15:11, 15.83s/car]2026-04-28 17:13:28,488 | INFO | kolesa_playwright_parser | saved count this run: 4
2026-04-28 17:13:28,489 | INFO | kolesa_playwright_parser | skipped duplicate before detail request https://kolesa.kz/a/show/190853912
2026-04-28 17:13:28,689 | INFO | kolesa_playwright_parser | detail delay duration 4.5s before detail request
2026-04-28 17:13:33,202 | INFO | kolesa_playwright_parser | current brand Toyota; current listing URL https://kolesa.kz/a/show/217095355
2026-04-28 17:13:33,580 | INFO | kolesa_playwright_parser | HTTP status code 200 for https://kolesa.kz/a/show/217095355
2026-04-28 17:13:33,952 | INFO | car_database | committed listing to SQLite: 217095355
2026-04-28 17:13:33,954 | INFO | kolesa_playwright_parser | saved listing https://kolesa.kz/a/show/217095355 for brand Toyota; current brand progress: 2079/3500; current DB count: 11053
Toyota:   0%|          | 5/1426 [01:08<4:46:25, 12.09s/car]2026-04-28 17:13:33,956 | INFO | kolesa_playwright_parser | saved count this run: 5
2026-04-28 17:13:33,958 | INFO | kolesa_playwright_parser | skipped duplicate before detail request https://kolesa.kz/a/show/218234205
2026-04-28 17:13:33,960 | INFO | kolesa_playwright_parser | skipped duplicate before detail request https://kolesa.kz/a/show/218416058
2026-04-28 17:13:34,180 | INFO | kolesa_playwright_parser | detail delay duration 4.3s before detail request
2026-04-28 17:13:38,528 | INFO | kolesa_playwright_parser | current brand Toyota; current listing URL https://kolesa.kz/a/show/218407394
2026-04-28 17:13:38,987 | INFO | kolesa_playwright_parser | HTTP status code 200 for https://kolesa.kz/a/show/218407394
2026-04-28 17:13:39,345 | INFO | car_database | committed listing to SQLite: 218407394
2026-04-28 17:13:39,347 | INFO | kolesa_playwright_parser | saved listing https://kolesa.kz/a/show/218407394 for brand Toyota; current brand progress: 2080/3500; current DB count: 11054
Toyota:   0%|          | 6/1426 [01:14<3:52:17,  9.82s/car]2026-04-28 17:13:39,348 | INFO | kolesa_playwright_parser | saved count this run: 6
2026-04-28 17:13:39,350 | INFO | kolesa_playwright_parser | skipped duplicate before detail request https://kolesa.kz/a/show/217802622
2026-04-28 17:13:39,560 | INFO | kolesa_playwright_parser | detail delay duration 4.0s before detail request
2026-04-28 17:13:43,543 | INFO | kolesa_playwright_parser | current brand Toyota; current listing URL https://kolesa.kz/a/show/217791971
2026-04-28 17:13:44,068 | INFO | kolesa_playwright_parser | HTTP status code 200 for https://kolesa.kz/a/show/217791971
2026-04-28 17:13:44,483 | INFO | car_database | committed listing to SQLite: 217791971
2026-04-28 17:13:44,486 | INFO | kolesa_playwright_parser | saved listing https://kolesa.kz/a/show/217791971 for brand Toyota; current brand progress: 2081/3500; current DB count: 11055
Toyota:   0%|          | 7/1426 [01:19<3:15:58,  8.29s/car]2026-04-28 17:13:44,488 | INFO | kolesa_playwright_parser | saved count this run: 7
2026-04-28 17:13:44,745 | INFO | kolesa_playwright_parser | detail delay duration 5.0s before detail request
2026-04-28 17:13:49,709 | INFO | kolesa_playwright_parser | current brand Toyota; current listing URL https://kolesa.kz/a/show/217776804
2026-04-28 17:13:50,141 | INFO | kolesa_playwright_parser | HTTP status code 200 for https://kolesa.kz/a/show/217776804
2026-04-28 17:13:50,521 | INFO | car_database | committed listing to SQLite: 217776804
2026-04-28 17:13:50,523 | INFO | kolesa_playwright_parser | saved listing https://kolesa.kz/a/show/217776804 for brand Toyota; current brand progress: 2082/3500; current DB count: 11056
Toyota:   1%|          | 8/1426 [01:25<2:58:54,  7.57s/car]2026-04-28 17:13:50,524 | INFO | kolesa_playwright_parser | saved count this run: 8
2026-04-28 17:13:50,526 | INFO | kolesa_playwright_parser | skipped duplicate before detail request https://kolesa.kz/a/show/217764481
2026-04-28 17:13:50,528 | INFO | kolesa_playwright_parser | skipped duplicate before detail request https://kolesa.kz/a/show/217731975
2026-04-28 17:13:50,711 | INFO | kolesa_playwright_parser | detail delay duration 3.3s before detail request
2026-04-28 17:13:53,993 | INFO | kolesa_playwright_parser | current brand Toyota; current listing URL https://kolesa.kz/a/show/218206939
2026-04-28 17:13:54,460 | INFO | kolesa_playwright_parser | HTTP status code 200 for https://kolesa.kz/a/show/218206939
2026-04-28 17:13:54,697 | INFO | car_database | committed listing to SQLite: 218206939
2026-04-28 17:13:54,698 | INFO | kolesa_playwright_parser | saved listing https://kolesa.kz/a/show/218206939 for brand Toyota; current brand progress: 2083/3500; current DB count: 11057
Toyota:   1%|          | 9/1426 [01:29<2:33:43,  6.51s/car]2026-04-28 17:13:54,699 | INFO | kolesa_playwright_parser | saved count this run: 9
2026-04-28 17:13:54,700 | INFO | kolesa_playwright_parser | skipped duplicate before detail request https://kolesa.kz/a/show/218381101
2026-04-28 17:13:54,701 | INFO | kolesa_playwright_parser | skipped duplicate before detail request https://kolesa.kz/a/show/218445252
2026-04-28 17:13:54,853 | INFO | kolesa_playwright_parser | detail delay duration 6.9s before detail request
2026-04-28 17:14:01,760 | INFO | kolesa_playwright_parser | current brand Toyota; current listing URL https://kolesa.kz/a/show/214661989
2026-04-28 17:14:02,144 | INFO | kolesa_playwright_parser | HTTP status code 200 for https://kolesa.kz/a/show/214661989
2026-04-28 17:14:02,428 | INFO | car_database | committed listing to SQLite: 214661989
2026-04-28 17:14:02,430 | INFO | kolesa_playwright_parser | saved listing https://kolesa.kz/a/show/214661989 for brand Toyota; current brand progress: 2084/3500; current DB count: 11058
Toyota:   1%|          | 10/1426 [01:37<2:42:31,  6.89s/car]2026-04-28 17:14:02,431 | INFO | kolesa_playwright_parser | saved count this run: 10
2026-04-28 17:14:02,432 | INFO | kolesa_playwright_parser | current DB count: 11058
2026-04-28 17:14:02,564 | INFO | kolesa_playwright_parser | progress checkpoint: saved this run=10; current Toyota count=2084; total DB count=11058
Toyota:   1%|          | 10/1426 [01:37<3:50:50,  9.78s/car]
Traceback (most recent call last):
  File "C:\Users\chebupel777\OneDrive\Đŕáî÷čé ńňîë\KolesaParser\main.py", line 515, in <module>
    main()
    ~~~~^^
  File "C:\Users\chebupel777\OneDrive\Đŕáî÷čé ńňîë\KolesaParser\main.py", line 491, in main
    asyncio.run(run_collect_brands(args, db))
    ~~~~~~~~~~~^^^^^^^^^^^^^^^^^^^^^^^^^^^^^^
  File "C:\Program Files\WindowsApps\PythonSoftwareFoundation.Python.3.13_3.13.3568.0_x64__qbz5n2kfra8p0\Lib\asyncio\runners.py", line 195, in run
    return runner.run(main)
           ~~~~~~~~~~^^^^^^
  File "C:\Program Files\WindowsApps\PythonSoftwareFoundation.Python.3.13_3.13.3568.0_x64__qbz5n2kfra8p0\Lib\asyncio\runners.py", line 118, in run
    return self._loop.run_until_complete(task)
           ~~~~~~~~~~~~~~~~~~~~~~~~~~~~~^^^^^^
  File "C:\Program Files\WindowsApps\PythonSoftwareFoundation.Python.3.13_3.13.3568.0_x64__qbz5n2kfra8p0\Lib\asyncio\base_events.py", line 725, in run_until_complete
    return future.result()
           ~~~~~~~~~~~~~^^
  File "C:\Users\chebupel777\OneDrive\Đŕáî÷čé ńňîë\KolesaParser\main.py", line 325, in run_collect_brands
    saved = await parser.collect_brands(targets=targets, ignore_state=args.ignore_state)
            ^^^^^^^^^^^^^^^^^^^^^^^^^^^^^^^^^^^^^^^^^^^^^^^^^^^^^^^^^^^^^^^^^^^^^^^^^^^^
  File "C:\Users\chebupel777\OneDrive\Đŕáî÷čé ńňîë\KolesaParser\scraper\kolesa_playwright_parser.py", line 236, in collect_brands
    saved_for_brand, first_search_request = await self._collect_brand_target(
                                            ^^^^^^^^^^^^^^^^^^^^^^^^^^^^^^^^^
    ...<4 lines>...
    )
    ^
  File "C:\Users\chebupel777\OneDrive\Đŕáî÷čé ńňîë\KolesaParser\scraper\kolesa_playwright_parser.py", line 428, in _collect_brand_target
    await self._after_successful_save(brand)
  File "C:\Users\chebupel777\OneDrive\Đŕáî÷čé ńňîë\KolesaParser\scraper\kolesa_playwright_parser.py", line 806, in _after_successful_save
    checkpoint_path = self.db.export_brand_checkpoint_csv(brand)
  File "C:\Users\chebupel777\OneDrive\Đŕáî÷čé ńňîë\KolesaParser\database\db.py", line 432, in export_brand_checkpoint_csv
    self._write_csv(tmp_path, CAR_COLUMNS, rows)
    ~~~~~~~~~~~~~~~^^^^^^^^^^^^^^^^^^^^^^^^^^^^^
  File "C:\Users\chebupel777\OneDrive\Đŕáî÷čé ńňîë\KolesaParser\database\db.py", line 532, in _write_csv
    writer.writerows(rows)
    ~~~~~~~~~~~~~~~~^^^^^^
  File "C:\Program Files\WindowsApps\PythonSoftwareFoundation.Python.3.13_3.13.3568.0_x64__qbz5n2kfra8p0\Lib\csv.py", line 229, in writerows
    return self.writer.writerows(map(self._dict_to_list, rowdicts))
           ~~~~~~~~~~~~~~~~~~~~~^^^^^^^^^^^^^^^^^^^^^^^^^^^^^^^^^^^
  File "C:\Program Files\WindowsApps\PythonSoftwareFoundation.Python.3.13_3.13.3568.0_x64__qbz5n2kfra8p0\Lib\csv.py", line 221, in _dict_to_list
    raise ValueError("dict contains fields not in fieldnames: "
                     + ", ".join([repr(x) for x in wrong_fields]))
ValueError: dict contains fields not in fieldnames: 'id'
